<?xml version="1.0" encoding="UTF-8"?>
<!-- Generated by org.testng.reporters.JUnitReportReporter -->
<testsuite hostname="LAPTOP-H0DI33RD" failures="0" tests="1" name="runner.run" time="7.530" errors="0" timestamp="2024-05-26T15:43:50 IST" skipped="0">
  <testcase classname="runner.run" name="runScenario" time="7.530"/>
</testsuite> <!-- runner.run -->
